<?xml version="1.0" encoding="UTF-8"?>
<!-- Generated by org.testng.reporters.JUnitReportReporter -->
<testsuite skipped="0" hostname="Harithas-Mac-mini.local" name="SanityTests.OfflineLoginTest" tests="1" failures="0" timestamp="07 Nov 2019 06:51:34 GMT" time="92.524" errors="0">
  <testcase name="offlineLogin" time="92.524" classname="SanityTests.OfflineLoginTest"/>
</testsuite> <!-- SanityTests.OfflineLoginTest -->
