<?xml version="1.0" encoding="UTF-8"?>
<!-- Generated by org.testng.reporters.JUnitReportReporter -->
<testsuite skipped="0" hostname="Harithas-Mac-mini.local" name="SanityTests.OfflineLoginTest" tests="1" failures="0" timestamp="30 Oct 2019 09:58:10 GMT" time="104.221" errors="0">
  <testcase name="offlineLogin" time="104.221" classname="SanityTests.OfflineLoginTest"/>
</testsuite> <!-- SanityTests.OfflineLoginTest -->
