<?xml version="1.0" encoding="UTF-8"?>
<!-- Generated by org.testng.reporters.JUnitReportReporter -->
<testsuite skipped="0" hostname="Harithas-Mac-mini.local" name="SanityTests.LoginTest" tests="3" failures="0" timestamp="07 Nov 2019 06:51:34 GMT" time="156.104" errors="0">
  <testcase name="login" time="57.942" classname="SanityTests.LoginTest"/>
  <testcase name="login" time="55.516" classname="SanityTests.LoginTest"/>
  <testcase name="login" time="42.646" classname="SanityTests.LoginTest"/>
</testsuite> <!-- SanityTests.LoginTest -->
