<?xml version="1.0" encoding="UTF-8"?>
<!-- Generated by org.testng.reporters.JUnitReportReporter -->
<testsuite skipped="0" hostname="Harithas-Mac-mini.local" name="SanityTests.LaunchTest" tests="4" failures="0" timestamp="01 Nov 2019 11:01:51 GMT" time="318.863" errors="0">
  <testcase name="test1" time="83.798" classname="SanityTests.LaunchTest"/>
  <testcase name="test1" time="74.133" classname="SanityTests.LaunchTest"/>
  <testcase name="test1" time="78.411" classname="SanityTests.LaunchTest"/>
  <testcase name="test1" time="82.521" classname="SanityTests.LaunchTest"/>
</testsuite> <!-- SanityTests.LaunchTest -->
